d:\repositories\graphicstutorial\graphicstutorial\gameengine\debug\gameengine.pdb
d:\repositories\graphicstutorial\graphicstutorial\gameengine\debug\gameengine.idb
d:\repositories\graphicstutorial\graphicstutorial\gameengine\debug\errors.obj
d:\repositories\graphicstutorial\graphicstutorial\gameengine\debug\glslprogram.obj
d:\repositories\graphicstutorial\graphicstutorial\gameengine\debug\imageloader.obj
d:\repositories\graphicstutorial\graphicstutorial\gameengine\debug\iomanger.obj
d:\repositories\graphicstutorial\graphicstutorial\gameengine\debug\picopng.obj
d:\repositories\graphicstutorial\graphicstutorial\gameengine\debug\resourcemanager.obj
d:\repositories\graphicstutorial\graphicstutorial\gameengine\debug\sprite.obj
d:\repositories\graphicstutorial\graphicstutorial\gameengine\debug\texturecache.obj
d:\repositories\graphicstutorial\graphicstutorial\gameengine\debug\gameengine.obj
d:\repositories\graphicstutorial\graphicstutorial\gameengine\debug\window.obj
d:\repositories\graphicstutorial\graphicstutorial\gameengine\debug\camera2d.obj
d:\repositories\graphicstutorial\graphicstutorial\debug\gameengine.lib
d:\repositories\graphicstutorial\graphicstutorial\debug\gameengine.pdb
d:\repositories\graphicstutorial\graphicstutorial\gameengine\debug\gameengine.tlog\cl.command.1.tlog
d:\repositories\graphicstutorial\graphicstutorial\gameengine\debug\gameengine.tlog\cl.read.1.tlog
d:\repositories\graphicstutorial\graphicstutorial\gameengine\debug\gameengine.tlog\cl.write.1.tlog
d:\repositories\graphicstutorial\graphicstutorial\gameengine\debug\gameengine.tlog\lib-link.read.1.tlog
d:\repositories\graphicstutorial\graphicstutorial\gameengine\debug\gameengine.tlog\lib-link.write.1.tlog
d:\repositories\graphicstutorial\graphicstutorial\gameengine\debug\gameengine.tlog\lib.command.1.tlog
